[2024-10-12 08:45:11,798] 32 root - INFO - data ingestion started
[2024-10-12 08:45:11,954] 35 root - INFO - I have read the data from data set
[2024-10-12 08:45:13,826] 39 root - INFO - succesfully save the raw data in artifacts folder
[2024-10-12 08:45:13,826] 47 root - INFO - here I am perfom  train test split
[2024-10-12 08:45:13,882] 49 root - INFO - train test split   completed
[2024-10-12 08:45:16,145] 54 root - INFO - succesfully save the  train and test data in afrifact folder
[2024-10-12 08:45:16,145] 57 root - INFO - data ingestion part completed
[2024-10-12 08:45:16,560] 117 root - INFO - read traina nd test  data completed
[2024-10-12 08:45:16,569] 118 root - INFO - Train dataframe head :
   id  carat        cut color clarity  depth  table     x     y     z  price
0   0   1.52    Premium     F     VS2   62.2   58.0  7.27  7.33  4.55  13619
1   1   2.03  Very Good     J     SI2   62.0   58.0  8.06  8.12  5.05  13387
2   2   0.70      Ideal     G     VS1   61.2   57.0  5.69  5.73  3.50   2772
3   3   0.32      Ideal     G     VS1   61.6   56.0  4.38  4.41  2.71    666
4   4   1.70    Premium     G     VS2   62.6   59.0  7.65  7.61  4.77  14453
[2024-10-12 08:45:16,575] 119 root - INFO - Train dataframe head :
   id  carat        cut color clarity  depth  table     x     y     z  price
0   0   1.52    Premium     F     VS2   62.2   58.0  7.27  7.33  4.55  13619
1   1   2.03  Very Good     J     SI2   62.0   58.0  8.06  8.12  5.05  13387
2   2   0.70      Ideal     G     VS1   61.2   57.0  5.69  5.73  3.50   2772
3   3   0.32      Ideal     G     VS1   61.6   56.0  4.38  4.41  2.71    666
4   4   1.70    Premium     G     VS2   62.6   59.0  7.65  7.61  4.77  14453
[2024-10-12 08:45:16,575] 38 root - INFO - Data transformation initaited
[2024-10-12 08:45:16,575] 52 root - INFO - Pipeline Initiated
[2024-10-12 08:45:17,045] 150 root - INFO - Applying  preprossing obj on train and test dataset
[2024-10-12 08:45:17,046] 162 root - INFO - object saved succesfully
[2024-10-12 08:45:17,055] 26 root - INFO - Splitting Dependent and Independent variables from train and test data
[2024-10-12 08:45:18,126] 44 root - INFO - Model Report : {'LinearRegression': 0.9367195599068726, 'Lasso': 0.9367051106803439, 'Ridge': 0.9367195551583651, 'Elasticnet': 0.8585236198100279}
[2024-10-12 08:45:18,127] 57 root - INFO - Best Model Found , Model Name : LinearRegression , R2 Score : 0.9367195599068726
